2025-06-23 00:11:23,470 - INFO - ETLAppend initialized.
2025-06-23 00:11:23,672 - INFO - Started reading all files in source directory.
2025-06-23 00:11:23,676 - INFO - Reading CSV file: F:\projects\coursera\ibm data engineer_ETL_project\source\source1.csv
2025-06-23 00:11:23,683 - INFO - Reading CSV file: F:\projects\coursera\ibm data engineer_ETL_project\source\source2.csv
2025-06-23 00:11:23,689 - INFO - Reading CSV file: F:\projects\coursera\ibm data engineer_ETL_project\source\source3.csv
2025-06-23 00:11:23,695 - INFO - Reading JSON file: F:\projects\coursera\ibm data engineer_ETL_project\source\source1.json
2025-06-23 00:11:23,704 - INFO - Reading JSON file: F:\projects\coursera\ibm data engineer_ETL_project\source\source2.json
2025-06-23 00:11:23,853 - INFO - Reading JSON file: F:\projects\coursera\ibm data engineer_ETL_project\source\source3.json
2025-06-23 00:11:23,864 - INFO - Reading XML file: F:\projects\coursera\ibm data engineer_ETL_project\source\source1.xml
2025-06-23 00:11:23,877 - INFO - Reading XML file: F:\projects\coursera\ibm data engineer_ETL_project\source\source2.xml
2025-06-23 00:11:23,886 - INFO - Reading XML file: F:\projects\coursera\ibm data engineer_ETL_project\source\source3.xml
2025-06-23 00:11:23,893 - INFO - Finished combining all files.
2025-06-23 00:11:23,965 - INFO - Data saved to: F:\projects\coursera\ibm data engineer_ETL_project\ETL_Result\appended_output_2025-06-23_00-11.csv
2025-06-23 10:33:04,743 - ERROR - No such comm target registered: jupyter.widget.control
2025-06-23 10:33:05,504 - WARNING - No such comm: 1aeab14e-7559-4e6b-a0bc-1a8e71a2f8f1
2025-06-23 10:40:26,275 - INFO - ETL Append Job Started.
2025-06-23 10:41:28,943 - INFO - ETL Append Job Started.
2025-06-23 10:44:59,993 - INFO - ETL Append Job Started.
2025-06-23 10:45:06,172 - INFO - ETL Job Started.
2025-06-23 10:45:06,173 - INFO - Starting data extraction
2025-06-23 10:45:06,216 - INFO - Reading CSV: F:\projects\coursera\ibm data engineer_ETL_project\source\source1.csv
2025-06-23 10:45:06,390 - INFO - Reading CSV: F:\projects\coursera\ibm data engineer_ETL_project\source\source2.csv
2025-06-23 10:45:06,436 - INFO - Reading CSV: F:\projects\coursera\ibm data engineer_ETL_project\source\source3.csv
2025-06-23 10:45:06,443 - INFO - Reading JSON: F:\projects\coursera\ibm data engineer_ETL_project\source\source1.json
2025-06-23 10:45:06,478 - INFO - Reading JSON: F:\projects\coursera\ibm data engineer_ETL_project\source\source2.json
2025-06-23 10:45:06,487 - INFO - Reading JSON: F:\projects\coursera\ibm data engineer_ETL_project\source\source3.json
2025-06-23 10:45:06,495 - INFO - Reading XML: F:\projects\coursera\ibm data engineer_ETL_project\source\source1.xml
2025-06-23 10:45:06,502 - INFO - Reading XML: F:\projects\coursera\ibm data engineer_ETL_project\source\source2.xml
2025-06-23 10:45:06,509 - INFO - Reading XML: F:\projects\coursera\ibm data engineer_ETL_project\source\source3.xml
2025-06-23 10:45:06,520 - INFO - Extraction phase ended.
2025-06-23 10:45:06,520 - INFO - Transform phase started.
2025-06-23 10:45:06,530 - INFO - Transform phase ended.
2025-06-23 11:39:22,237 - INFO - ETL Append Job Started.
2025-06-23 11:39:22,238 - INFO - ETL Job Started.
2025-06-23 11:39:22,239 - INFO - Starting data extraction
2025-06-23 11:39:22,244 - INFO - Reading CSV: F:\projects\coursera\ibm data engineer_ETL_project\source\source1.csv
2025-06-23 11:39:22,260 - INFO - Reading CSV: F:\projects\coursera\ibm data engineer_ETL_project\source\source2.csv
2025-06-23 11:39:22,267 - INFO - Reading CSV: F:\projects\coursera\ibm data engineer_ETL_project\source\source3.csv
2025-06-23 11:39:22,276 - INFO - Reading JSON: F:\projects\coursera\ibm data engineer_ETL_project\source\source1.json
2025-06-23 11:39:22,294 - INFO - Reading JSON: F:\projects\coursera\ibm data engineer_ETL_project\source\source2.json
2025-06-23 11:39:22,306 - INFO - Reading JSON: F:\projects\coursera\ibm data engineer_ETL_project\source\source3.json
2025-06-23 11:39:22,317 - INFO - Reading XML: F:\projects\coursera\ibm data engineer_ETL_project\source\source1.xml
2025-06-23 11:39:22,394 - INFO - Reading XML: F:\projects\coursera\ibm data engineer_ETL_project\source\source2.xml
2025-06-23 11:39:22,402 - INFO - Reading XML: F:\projects\coursera\ibm data engineer_ETL_project\source\source3.xml
2025-06-23 11:39:22,413 - INFO - Extraction phase ended.
2025-06-23 11:39:22,413 - INFO - Transform phase started.
2025-06-23 11:39:22,415 - INFO - Transform phase ended.
2025-06-23 11:39:22,431 - INFO - Load phase completed. File saved to F:\projects\coursera\ibm data engineer_ETL_project\ETL_Result
2025-06-23 11:39:22,432 - INFO - ETL Job Ended.
2025-06-25 15:06:55,490 - INFO - ETL Append Job Started.
2025-06-25 15:06:55,532 - INFO - ETL Job Started.
2025-06-25 15:06:55,532 - INFO - Starting data extraction
2025-06-25 15:06:56,245 - INFO - Reading CSV: F:\projects\coursera\ibm data engineer_ETL_project\source\source1.csv
2025-06-25 15:06:56,974 - INFO - Reading CSV: F:\projects\coursera\ibm data engineer_ETL_project\source\source2.csv
2025-06-25 15:06:57,058 - INFO - Reading CSV: F:\projects\coursera\ibm data engineer_ETL_project\source\source3.csv
2025-06-25 15:06:57,145 - INFO - Reading JSON: F:\projects\coursera\ibm data engineer_ETL_project\source\source1.json
2025-06-25 15:06:57,766 - INFO - Reading JSON: F:\projects\coursera\ibm data engineer_ETL_project\source\source2.json
2025-06-25 15:06:57,863 - INFO - Reading JSON: F:\projects\coursera\ibm data engineer_ETL_project\source\source3.json
2025-06-25 15:06:57,871 - INFO - Reading XML: F:\projects\coursera\ibm data engineer_ETL_project\source\source1.xml
2025-06-25 15:06:57,924 - INFO - Reading XML: F:\projects\coursera\ibm data engineer_ETL_project\source\source2.xml
2025-06-25 15:06:57,933 - INFO - Reading XML: F:\projects\coursera\ibm data engineer_ETL_project\source\source3.xml
2025-06-25 15:06:57,939 - INFO - Extraction phase ended.
2025-06-25 15:06:57,939 - INFO - Transform phase started.
2025-06-25 15:06:58,088 - INFO - Transform phase ended.
2025-06-25 15:06:58,568 - INFO - Load phase completed. File saved to F:\projects\coursera\ibm data engineer_ETL_project\ETL_Result
2025-06-25 15:06:58,569 - INFO - ETL Job Ended.
